{"D:\\gc01-pramesthias\\app.js": {"path":"D:\\gc01-pramesthias\\app.js","statementMap":{"0":{"start":{"line":2,"column":0},"end":{"line":4,"column":1}},"1":{"start":{"line":3,"column":2},"end":{"line":3,"column":28}},"2":{"start":{"line":6,"column":16},"end":{"line":6,"column":34}},"3":{"start":{"line":7,"column":12},"end":{"line":7,"column":21}},"4":{"start":{"line":10,"column":0},"end":{"line":10,"column":48}},"5":{"start":{"line":12,"column":0},"end":{"line":12,"column":24}},"6":{"start":{"line":16,"column":0},"end":{"line":16,"column":29}},"7":{"start":{"line":19,"column":0},"end":{"line":19,"column":21}}},"fnMap":{},"branchMap":{"0":{"loc":{"start":{"line":2,"column":0},"end":{"line":4,"column":1}},"type":"if","locations":[{"start":{"line":2,"column":0},"end":{"line":4,"column":1}},{"start":{},"end":{}}],"line":2}},"s":{"0":1,"1":1,"2":1,"3":1,"4":1,"5":1,"6":1,"7":1},"f":{},"b":{"0":[1,0]},"_coverageSchema":"1a1c01bbd47fc00a2c39e90264f33305004495a9","hash":"d0ade1d277ade11e5d1fa3f9d11de36c821368da"}
,"D:\\gc01-pramesthias\\controllers\\CategoryController.js": {"path":"D:\\gc01-pramesthias\\controllers\\CategoryController.js","statementMap":{"0":{"start":{"line":1,"column":19},"end":{"line":1,"column":39}},"1":{"start":{"line":3,"column":0},"end":{"line":35,"column":1}},"2":{"start":{"line":6,"column":8},"end":{"line":11,"column":9}},"3":{"start":{"line":7,"column":31},"end":{"line":7,"column":55}},"4":{"start":{"line":8,"column":12},"end":{"line":8,"column":45}},"5":{"start":{"line":10,"column":12},"end":{"line":10,"column":24}},"6":{"start":{"line":15,"column":12},"end":{"line":20,"column":9}},"7":{"start":{"line":16,"column":29},"end":{"line":16,"column":60}},"8":{"start":{"line":17,"column":12},"end":{"line":17,"column":43}},"9":{"start":{"line":19,"column":12},"end":{"line":19,"column":24}},"10":{"start":{"line":25,"column":8},"end":{"line":32,"column":9}},"11":{"start":{"line":26,"column":27},"end":{"line":26,"column":65}},"12":{"start":{"line":28,"column":12},"end":{"line":28,"column":44}},"13":{"start":{"line":29,"column":12},"end":{"line":29,"column":43}},"14":{"start":{"line":31,"column":12},"end":{"line":31,"column":24}}},"fnMap":{"0":{"name":"(anonymous_0)","decl":{"start":{"line":5,"column":4},"end":{"line":5,"column":5}},"loc":{"start":{"line":5,"column":46},"end":{"line":12,"column":5}},"line":5},"1":{"name":"(anonymous_1)","decl":{"start":{"line":14,"column":8},"end":{"line":14,"column":9}},"loc":{"start":{"line":14,"column":51},"end":{"line":21,"column":5}},"line":14},"2":{"name":"(anonymous_2)","decl":{"start":{"line":24,"column":4},"end":{"line":24,"column":5}},"loc":{"start":{"line":24,"column":45},"end":{"line":33,"column":5}},"line":24}},"branchMap":{},"s":{"0":1,"1":1,"2":0,"3":0,"4":0,"5":0,"6":0,"7":0,"8":0,"9":0,"10":0,"11":0,"12":0,"13":0,"14":0},"f":{"0":0,"1":0,"2":0},"b":{},"_coverageSchema":"1a1c01bbd47fc00a2c39e90264f33305004495a9","hash":"8e69cbcae502895f67ad4a24e59b8a71329b20c9"}
,"D:\\gc01-pramesthias\\controllers\\CuisineController.js": {"path":"D:\\gc01-pramesthias\\controllers\\CuisineController.js","statementMap":{"0":{"start":{"line":1,"column":15},"end":{"line":1,"column":35}},"1":{"start":{"line":2,"column":34},"end":{"line":2,"column":54}},"2":{"start":{"line":4,"column":19},"end":{"line":4,"column":43}},"3":{"start":{"line":6,"column":23},"end":{"line":6,"column":40}},"4":{"start":{"line":8,"column":0},"end":{"line":12,"column":3}},"5":{"start":{"line":14,"column":0},"end":{"line":207,"column":1}},"6":{"start":{"line":18,"column":47},"end":{"line":18,"column":56}},"7":{"start":{"line":20,"column":28},"end":{"line":26,"column":9}},"8":{"start":{"line":31,"column":8},"end":{"line":37,"column":9}},"9":{"start":{"line":32,"column":12},"end":{"line":36,"column":13}},"10":{"start":{"line":40,"column":8},"end":{"line":46,"column":9}},"11":{"start":{"line":41,"column":12},"end":{"line":45,"column":13}},"12":{"start":{"line":42,"column":16},"end":{"line":42,"column":68}},"13":{"start":{"line":44,"column":16},"end":{"line":44,"column":86}},"14":{"start":{"line":48,"column":10},"end":{"line":56,"column":11}},"15":{"start":{"line":49,"column":26},"end":{"line":51,"column":15}},"16":{"start":{"line":49,"column":68},"end":{"line":51,"column":13}},"17":{"start":{"line":53,"column":12},"end":{"line":55,"column":14}},"18":{"start":{"line":60,"column":10},"end":{"line":75,"column":11}},"19":{"start":{"line":61,"column":12},"end":{"line":64,"column":13}},"20":{"start":{"line":62,"column":14},"end":{"line":62,"column":32}},"21":{"start":{"line":63,"column":14},"end":{"line":63,"column":42}},"22":{"start":{"line":66,"column":12},"end":{"line":69,"column":13}},"23":{"start":{"line":67,"column":14},"end":{"line":67,"column":51}},"24":{"start":{"line":68,"column":14},"end":{"line":68,"column":44}},"25":{"start":{"line":71,"column":12},"end":{"line":71,"column":23}},"26":{"start":{"line":72,"column":12},"end":{"line":72,"column":23}},"27":{"start":{"line":73,"column":12},"end":{"line":73,"column":40}},"28":{"start":{"line":74,"column":12},"end":{"line":74,"column":42}},"29":{"start":{"line":79,"column":8},"end":{"line":85,"column":9}},"30":{"start":{"line":80,"column":29},"end":{"line":80,"column":65}},"31":{"start":{"line":81,"column":12},"end":{"line":81,"column":43}},"32":{"start":{"line":84,"column":12},"end":{"line":84,"column":30}},"33":{"start":{"line":109,"column":8},"end":{"line":120,"column":9}},"34":{"start":{"line":110,"column":29},"end":{"line":116,"column":22}},"35":{"start":{"line":117,"column":20},"end":{"line":117,"column":51}},"36":{"start":{"line":119,"column":12},"end":{"line":119,"column":24}},"37":{"start":{"line":125,"column":8},"end":{"line":136,"column":9}},"38":{"start":{"line":126,"column":28},"end":{"line":126,"column":65}},"39":{"start":{"line":128,"column":12},"end":{"line":131,"column":13}},"40":{"start":{"line":129,"column":16},"end":{"line":129,"column":71}},"41":{"start":{"line":130,"column":16},"end":{"line":130,"column":23}},"42":{"start":{"line":133,"column":12},"end":{"line":133,"column":42}},"43":{"start":{"line":135,"column":12},"end":{"line":135,"column":24}},"44":{"start":{"line":141,"column":8},"end":{"line":147,"column":9}},"45":{"start":{"line":142,"column":28},"end":{"line":142,"column":86}},"46":{"start":{"line":143,"column":12},"end":{"line":143,"column":48}},"47":{"start":{"line":144,"column":12},"end":{"line":144,"column":42}},"48":{"start":{"line":146,"column":12},"end":{"line":146,"column":24}},"49":{"start":{"line":152,"column":8},"end":{"line":159,"column":9}},"50":{"start":{"line":153,"column":12},"end":{"line":153,"column":33}},"51":{"start":{"line":154,"column":26},"end":{"line":154,"column":63}},"52":{"start":{"line":155,"column":25},"end":{"line":155,"column":74}},"53":{"start":{"line":156,"column":12},"end":{"line":156,"column":41}},"54":{"start":{"line":158,"column":12},"end":{"line":158,"column":24}},"55":{"start":{"line":163,"column":8},"end":{"line":170,"column":9}},"56":{"start":{"line":164,"column":26},"end":{"line":164,"column":63}},"57":{"start":{"line":165,"column":12},"end":{"line":165,"column":36}},"58":{"start":{"line":166,"column":12},"end":{"line":166,"column":81}},"59":{"start":{"line":169,"column":12},"end":{"line":169,"column":24}},"60":{"start":{"line":175,"column":8},"end":{"line":205,"column":9}},"61":{"start":{"line":177,"column":28},"end":{"line":177,"column":65}},"62":{"start":{"line":179,"column":12},"end":{"line":182,"column":13}},"63":{"start":{"line":180,"column":16},"end":{"line":180,"column":41}},"64":{"start":{"line":181,"column":16},"end":{"line":181,"column":23}},"65":{"start":{"line":185,"column":12},"end":{"line":188,"column":13}},"66":{"start":{"line":186,"column":16},"end":{"line":186,"column":44}},"67":{"start":{"line":187,"column":16},"end":{"line":187,"column":23}},"68":{"start":{"line":190,"column":31},"end":{"line":190,"column":78}},"69":{"start":{"line":192,"column":28},"end":{"line":192,"column":76}},"70":{"start":{"line":193,"column":25},"end":{"line":196,"column":14}},"71":{"start":{"line":198,"column":12},"end":{"line":198,"column":60}},"72":{"start":{"line":200,"column":12},"end":{"line":200,"column":29}},"73":{"start":{"line":201,"column":12},"end":{"line":201,"column":86}},"74":{"start":{"line":202,"column":12},"end":{"line":202,"column":19}},"75":{"start":{"line":204,"column":12},"end":{"line":204,"column":24}}},"fnMap":{"0":{"name":"(anonymous_0)","decl":{"start":{"line":16,"column":4},"end":{"line":16,"column":5}},"loc":{"start":{"line":16,"column":47},"end":{"line":86,"column":5}},"line":16},"1":{"name":"(anonymous_1)","decl":{"start":{"line":49,"column":57},"end":{"line":49,"column":58}},"loc":{"start":{"line":49,"column":68},"end":{"line":51,"column":13}},"line":49},"2":{"name":"(anonymous_2)","decl":{"start":{"line":108,"column":4},"end":{"line":108,"column":5}},"loc":{"start":{"line":108,"column":44},"end":{"line":121,"column":5}},"line":108},"3":{"name":"(anonymous_3)","decl":{"start":{"line":124,"column":4},"end":{"line":124,"column":5}},"loc":{"start":{"line":124,"column":43},"end":{"line":137,"column":5}},"line":124},"4":{"name":"(anonymous_4)","decl":{"start":{"line":140,"column":4},"end":{"line":140,"column":5}},"loc":{"start":{"line":140,"column":46},"end":{"line":148,"column":5}},"line":140},"5":{"name":"(anonymous_5)","decl":{"start":{"line":151,"column":4},"end":{"line":151,"column":5}},"loc":{"start":{"line":151,"column":44},"end":{"line":160,"column":5}},"line":151},"6":{"name":"(anonymous_6)","decl":{"start":{"line":162,"column":4},"end":{"line":162,"column":5}},"loc":{"start":{"line":162,"column":46},"end":{"line":171,"column":5}},"line":162},"7":{"name":"(anonymous_7)","decl":{"start":{"line":174,"column":4},"end":{"line":174,"column":5}},"loc":{"start":{"line":174,"column":47},"end":{"line":206,"column":5}},"line":174}},"branchMap":{"0":{"loc":{"start":{"line":31,"column":8},"end":{"line":37,"column":9}},"type":"if","locations":[{"start":{"line":31,"column":8},"end":{"line":37,"column":9}},{"start":{},"end":{}}],"line":31},"1":{"loc":{"start":{"line":31,"column":12},"end":{"line":31,"column":58}},"type":"binary-expr","locations":[{"start":{"line":31,"column":12},"end":{"line":31,"column":25}},{"start":{"line":31,"column":29},"end":{"line":31,"column":58}}],"line":31},"2":{"loc":{"start":{"line":40,"column":8},"end":{"line":46,"column":9}},"type":"if","locations":[{"start":{"line":40,"column":8},"end":{"line":46,"column":9}},{"start":{},"end":{}}],"line":40},"3":{"loc":{"start":{"line":40,"column":12},"end":{"line":40,"column":54}},"type":"binary-expr","locations":[{"start":{"line":40,"column":12},"end":{"line":40,"column":23}},{"start":{"line":40,"column":27},"end":{"line":40,"column":54}}],"line":40},"4":{"loc":{"start":{"line":41,"column":12},"end":{"line":45,"column":13}},"type":"if","locations":[{"start":{"line":41,"column":12},"end":{"line":45,"column":13}},{"start":{"line":43,"column":19},"end":{"line":45,"column":13}}],"line":41},"5":{"loc":{"start":{"line":48,"column":10},"end":{"line":56,"column":11}},"type":"if","locations":[{"start":{"line":48,"column":10},"end":{"line":56,"column":11}},{"start":{},"end":{}}],"line":48},"6":{"loc":{"start":{"line":48,"column":14},"end":{"line":48,"column":60}},"type":"binary-expr","locations":[{"start":{"line":48,"column":14},"end":{"line":48,"column":27}},{"start":{"line":48,"column":31},"end":{"line":48,"column":60}}],"line":48},"7":{"loc":{"start":{"line":60,"column":10},"end":{"line":75,"column":11}},"type":"if","locations":[{"start":{"line":60,"column":10},"end":{"line":75,"column":11}},{"start":{"line":70,"column":17},"end":{"line":75,"column":11}}],"line":60},"8":{"loc":{"start":{"line":60,"column":14},"end":{"line":60,"column":56}},"type":"binary-expr","locations":[{"start":{"line":60,"column":14},"end":{"line":60,"column":25}},{"start":{"line":60,"column":29},"end":{"line":60,"column":56}}],"line":60},"9":{"loc":{"start":{"line":61,"column":12},"end":{"line":64,"column":13}},"type":"if","locations":[{"start":{"line":61,"column":12},"end":{"line":64,"column":13}},{"start":{},"end":{}}],"line":61},"10":{"loc":{"start":{"line":61,"column":16},"end":{"line":61,"column":68}},"type":"binary-expr","locations":[{"start":{"line":61,"column":16},"end":{"line":61,"column":32}},{"start":{"line":61,"column":36},"end":{"line":61,"column":68}}],"line":61},"11":{"loc":{"start":{"line":66,"column":12},"end":{"line":69,"column":13}},"type":"if","locations":[{"start":{"line":66,"column":12},"end":{"line":69,"column":13}},{"start":{},"end":{}}],"line":66},"12":{"loc":{"start":{"line":66,"column":16},"end":{"line":66,"column":72}},"type":"binary-expr","locations":[{"start":{"line":66,"column":16},"end":{"line":66,"column":34}},{"start":{"line":66,"column":38},"end":{"line":66,"column":72}}],"line":66},"13":{"loc":{"start":{"line":128,"column":12},"end":{"line":131,"column":13}},"type":"if","locations":[{"start":{"line":128,"column":12},"end":{"line":131,"column":13}},{"start":{},"end":{}}],"line":128},"14":{"loc":{"start":{"line":179,"column":12},"end":{"line":182,"column":13}},"type":"if","locations":[{"start":{"line":179,"column":12},"end":{"line":182,"column":13}},{"start":{},"end":{}}],"line":179},"15":{"loc":{"start":{"line":185,"column":12},"end":{"line":188,"column":13}},"type":"if","locations":[{"start":{"line":185,"column":12},"end":{"line":188,"column":13}},{"start":{},"end":{}}],"line":185}},"s":{"0":1,"1":1,"2":1,"3":1,"4":1,"5":1,"6":0,"7":0,"8":0,"9":0,"10":0,"11":0,"12":0,"13":0,"14":0,"15":0,"16":0,"17":0,"18":0,"19":0,"20":0,"21":0,"22":0,"23":0,"24":0,"25":0,"26":0,"27":0,"28":0,"29":0,"30":0,"31":0,"32":0,"33":0,"34":0,"35":0,"36":0,"37":0,"38":0,"39":0,"40":0,"41":0,"42":0,"43":0,"44":0,"45":0,"46":0,"47":0,"48":0,"49":0,"50":0,"51":0,"52":0,"53":0,"54":0,"55":0,"56":0,"57":0,"58":0,"59":0,"60":2,"61":2,"62":2,"63":0,"64":0,"65":2,"66":1,"67":1,"68":1,"69":1,"70":1,"71":1,"72":1,"73":1,"74":1,"75":0},"f":{"0":0,"1":0,"2":0,"3":0,"4":0,"5":0,"6":0,"7":2},"b":{"0":[0,0],"1":[0,0],"2":[0,0],"3":[0,0],"4":[0,0],"5":[0,0],"6":[0,0],"7":[0,0],"8":[0,0],"9":[0,0],"10":[0,0],"11":[0,0],"12":[0,0],"13":[0,0],"14":[0,2],"15":[1,1]},"_coverageSchema":"1a1c01bbd47fc00a2c39e90264f33305004495a9","hash":"9cd141aef21a502e1daf1bee24d213160051500f"}
,"D:\\gc01-pramesthias\\controllers\\UserController.js": {"path":"D:\\gc01-pramesthias\\controllers\\UserController.js","statementMap":{"0":{"start":{"line":1,"column":28},"end":{"line":1,"column":58}},"1":{"start":{"line":2,"column":22},"end":{"line":2,"column":47}},"2":{"start":{"line":3,"column":15},"end":{"line":3,"column":35}},"3":{"start":{"line":5,"column":0},"end":{"line":60,"column":1}},"4":{"start":{"line":8,"column":8},"end":{"line":19,"column":9}},"5":{"start":{"line":9,"column":70},"end":{"line":9,"column":78}},"6":{"start":{"line":10,"column":25},"end":{"line":10,"column":93}},"7":{"start":{"line":12,"column":12},"end":{"line":15,"column":15}},"8":{"start":{"line":18,"column":12},"end":{"line":18,"column":24}},"9":{"start":{"line":24,"column":8},"end":{"line":57,"column":9}},"10":{"start":{"line":25,"column":38},"end":{"line":25,"column":46}},"11":{"start":{"line":27,"column":12},"end":{"line":30,"column":13}},"12":{"start":{"line":28,"column":16},"end":{"line":28,"column":83}},"13":{"start":{"line":29,"column":16},"end":{"line":29,"column":23}},"14":{"start":{"line":32,"column":12},"end":{"line":35,"column":13}},"15":{"start":{"line":33,"column":16},"end":{"line":33,"column":83}},"16":{"start":{"line":34,"column":16},"end":{"line":34,"column":23}},"17":{"start":{"line":38,"column":25},"end":{"line":38,"column":63}},"18":{"start":{"line":39,"column":12},"end":{"line":42,"column":13}},"19":{"start":{"line":40,"column":16},"end":{"line":40,"column":99}},"20":{"start":{"line":41,"column":16},"end":{"line":41,"column":23}},"21":{"start":{"line":45,"column":36},"end":{"line":45,"column":76}},"22":{"start":{"line":46,"column":12},"end":{"line":50,"column":9}},"23":{"start":{"line":47,"column":16},"end":{"line":47,"column":99}},"24":{"start":{"line":48,"column":16},"end":{"line":48,"column":23}},"25":{"start":{"line":52,"column":33},"end":{"line":52,"column":59}},"26":{"start":{"line":53,"column":12},"end":{"line":53,"column":86}},"27":{"start":{"line":56,"column":12},"end":{"line":56,"column":24}}},"fnMap":{"0":{"name":"(anonymous_0)","decl":{"start":{"line":7,"column":4},"end":{"line":7,"column":5}},"loc":{"start":{"line":7,"column":45},"end":{"line":20,"column":5}},"line":7},"1":{"name":"(anonymous_1)","decl":{"start":{"line":23,"column":4},"end":{"line":23,"column":5}},"loc":{"start":{"line":23,"column":38},"end":{"line":58,"column":5}},"line":23}},"branchMap":{"0":{"loc":{"start":{"line":27,"column":12},"end":{"line":30,"column":13}},"type":"if","locations":[{"start":{"line":27,"column":12},"end":{"line":30,"column":13}},{"start":{},"end":{}}],"line":27},"1":{"loc":{"start":{"line":32,"column":12},"end":{"line":35,"column":13}},"type":"if","locations":[{"start":{"line":32,"column":12},"end":{"line":35,"column":13}},{"start":{},"end":{}}],"line":32},"2":{"loc":{"start":{"line":39,"column":12},"end":{"line":42,"column":13}},"type":"if","locations":[{"start":{"line":39,"column":12},"end":{"line":42,"column":13}},{"start":{},"end":{}}],"line":39},"3":{"loc":{"start":{"line":46,"column":12},"end":{"line":50,"column":9}},"type":"if","locations":[{"start":{"line":46,"column":12},"end":{"line":50,"column":9}},{"start":{},"end":{}}],"line":46}},"s":{"0":1,"1":1,"2":1,"3":1,"4":0,"5":0,"6":0,"7":0,"8":0,"9":0,"10":0,"11":0,"12":0,"13":0,"14":0,"15":0,"16":0,"17":0,"18":0,"19":0,"20":0,"21":0,"22":0,"23":0,"24":0,"25":0,"26":0,"27":0},"f":{"0":0,"1":0},"b":{"0":[0,0],"1":[0,0],"2":[0,0],"3":[0,0]},"_coverageSchema":"1a1c01bbd47fc00a2c39e90264f33305004495a9","hash":"2bb487083fb55e1e6f34ec24160fa6131067cb01"}
,"D:\\gc01-pramesthias\\helpers\\bcryptjs.js": {"path":"D:\\gc01-pramesthias\\helpers\\bcryptjs.js","statementMap":{"0":{"start":{"line":1,"column":15},"end":{"line":1,"column":34}},"1":{"start":{"line":4,"column":21},"end":{"line":7,"column":1}},"2":{"start":{"line":5,"column":17},"end":{"line":5,"column":39}},"3":{"start":{"line":6,"column":4},"end":{"line":6,"column":43}},"4":{"start":{"line":10,"column":24},"end":{"line":12,"column":1}},"5":{"start":{"line":11,"column":4},"end":{"line":11,"column":56}},"6":{"start":{"line":15,"column":0},"end":{"line":15,"column":49}}},"fnMap":{"0":{"name":"(anonymous_0)","decl":{"start":{"line":4,"column":21},"end":{"line":4,"column":22}},"loc":{"start":{"line":4,"column":35},"end":{"line":7,"column":1}},"line":4},"1":{"name":"(anonymous_1)","decl":{"start":{"line":10,"column":24},"end":{"line":10,"column":25}},"loc":{"start":{"line":10,"column":54},"end":{"line":12,"column":1}},"line":10}},"branchMap":{},"s":{"0":1,"1":1,"2":2,"3":2,"4":1,"5":0,"6":1},"f":{"0":2,"1":0},"b":{},"_coverageSchema":"1a1c01bbd47fc00a2c39e90264f33305004495a9","hash":"2a5de6a3f065efd576c098af510797fcc834803e"}
,"D:\\gc01-pramesthias\\helpers\\jwt.js": {"path":"D:\\gc01-pramesthias\\helpers\\jwt.js","statementMap":{"0":{"start":{"line":1,"column":12},"end":{"line":1,"column":35}},"1":{"start":{"line":3,"column":15},"end":{"line":3,"column":33}},"2":{"start":{"line":5,"column":18},"end":{"line":7,"column":1}},"3":{"start":{"line":6,"column":4},"end":{"line":6,"column":37}},"4":{"start":{"line":9,"column":20},"end":{"line":11,"column":1}},"5":{"start":{"line":10,"column":4},"end":{"line":10,"column":37}},"6":{"start":{"line":14,"column":0},"end":{"line":14,"column":42}}},"fnMap":{"0":{"name":"(anonymous_0)","decl":{"start":{"line":5,"column":18},"end":{"line":5,"column":19}},"loc":{"start":{"line":5,"column":31},"end":{"line":7,"column":1}},"line":5},"1":{"name":"(anonymous_1)","decl":{"start":{"line":9,"column":20},"end":{"line":9,"column":21}},"loc":{"start":{"line":9,"column":31},"end":{"line":11,"column":1}},"line":9}},"branchMap":{},"s":{"0":1,"1":1,"2":1,"3":2,"4":1,"5":5,"6":1},"f":{"0":2,"1":5},"b":{},"_coverageSchema":"1a1c01bbd47fc00a2c39e90264f33305004495a9","hash":"e76a247c36b005eea53f892791464176da3a8930"}
,"D:\\gc01-pramesthias\\middlewares\\authentication.js": {"path":"D:\\gc01-pramesthias\\middlewares\\authentication.js","statementMap":{"0":{"start":{"line":1,"column":15},"end":{"line":1,"column":35}},"1":{"start":{"line":2,"column":24},"end":{"line":2,"column":49}},"2":{"start":{"line":6,"column":4},"end":{"line":27,"column":5}},"3":{"start":{"line":7,"column":27},"end":{"line":7,"column":52}},"4":{"start":{"line":9,"column":8},"end":{"line":9,"column":57}},"5":{"start":{"line":9,"column":26},"end":{"line":9,"column":57}},"6":{"start":{"line":11,"column":23},"end":{"line":11,"column":71}},"7":{"start":{"line":13,"column":19},"end":{"line":13,"column":42}},"8":{"start":{"line":15,"column":8},"end":{"line":15,"column":49}},"9":{"start":{"line":15,"column":18},"end":{"line":15,"column":49}},"10":{"start":{"line":17,"column":8},"end":{"line":20,"column":9}},"11":{"start":{"line":23,"column":8},"end":{"line":23,"column":15}},"12":{"start":{"line":26,"column":8},"end":{"line":26,"column":20}},"13":{"start":{"line":30,"column":0},"end":{"line":30,"column":31}}},"fnMap":{"0":{"name":"authentication","decl":{"start":{"line":5,"column":15},"end":{"line":5,"column":29}},"loc":{"start":{"line":5,"column":45},"end":{"line":28,"column":1}},"line":5}},"branchMap":{"0":{"loc":{"start":{"line":9,"column":8},"end":{"line":9,"column":57}},"type":"if","locations":[{"start":{"line":9,"column":8},"end":{"line":9,"column":57}},{"start":{},"end":{}}],"line":9},"1":{"loc":{"start":{"line":15,"column":8},"end":{"line":15,"column":49}},"type":"if","locations":[{"start":{"line":15,"column":8},"end":{"line":15,"column":49}},{"start":{},"end":{}}],"line":15}},"s":{"0":1,"1":1,"2":6,"3":6,"4":6,"5":1,"6":5,"7":4,"8":4,"9":0,"10":4,"11":4,"12":2,"13":1},"f":{"0":6},"b":{"0":[1,5],"1":[0,4]},"_coverageSchema":"1a1c01bbd47fc00a2c39e90264f33305004495a9","hash":"6a41e2f93cfb00f16799d2fe56740062ab3aaf1d"}
,"D:\\gc01-pramesthias\\middlewares\\authorization.js": {"path":"D:\\gc01-pramesthias\\middlewares\\authorization.js","statementMap":{"0":{"start":{"line":1,"column":18},"end":{"line":1,"column":38}},"1":{"start":{"line":4,"column":4},"end":{"line":18,"column":5}},"2":{"start":{"line":5,"column":22},"end":{"line":5,"column":59}},"3":{"start":{"line":7,"column":8},"end":{"line":7,"column":47}},"4":{"start":{"line":7,"column":21},"end":{"line":7,"column":47}},"5":{"start":{"line":10,"column":8},"end":{"line":12,"column":9}},"6":{"start":{"line":11,"column":12},"end":{"line":11,"column":37}},"7":{"start":{"line":14,"column":8},"end":{"line":14,"column":15}},"8":{"start":{"line":17,"column":8},"end":{"line":17,"column":20}},"9":{"start":{"line":22,"column":4},"end":{"line":30,"column":5}},"10":{"start":{"line":23,"column":8},"end":{"line":27,"column":9}},"11":{"start":{"line":24,"column":12},"end":{"line":24,"column":19}},"12":{"start":{"line":26,"column":12},"end":{"line":26,"column":38}},"13":{"start":{"line":29,"column":8},"end":{"line":29,"column":20}},"14":{"start":{"line":33,"column":0},"end":{"line":33,"column":55}}},"fnMap":{"0":{"name":"cuisineAuthorization","decl":{"start":{"line":3,"column":15},"end":{"line":3,"column":35}},"loc":{"start":{"line":3,"column":52},"end":{"line":19,"column":1}},"line":3},"1":{"name":"adminOnlyAuth","decl":{"start":{"line":21,"column":15},"end":{"line":21,"column":28}},"loc":{"start":{"line":21,"column":44},"end":{"line":31,"column":1}},"line":21}},"branchMap":{"0":{"loc":{"start":{"line":7,"column":8},"end":{"line":7,"column":47}},"type":"if","locations":[{"start":{"line":7,"column":8},"end":{"line":7,"column":47}},{"start":{},"end":{}}],"line":7},"1":{"loc":{"start":{"line":10,"column":8},"end":{"line":12,"column":9}},"type":"if","locations":[{"start":{"line":10,"column":8},"end":{"line":12,"column":9}},{"start":{},"end":{}}],"line":10},"2":{"loc":{"start":{"line":10,"column":11},"end":{"line":10,"column":72}},"type":"binary-expr","locations":[{"start":{"line":10,"column":11},"end":{"line":10,"column":36}},{"start":{"line":10,"column":40},"end":{"line":10,"column":72}}],"line":10},"3":{"loc":{"start":{"line":23,"column":8},"end":{"line":27,"column":9}},"type":"if","locations":[{"start":{"line":23,"column":8},"end":{"line":27,"column":9}},{"start":{"line":25,"column":15},"end":{"line":27,"column":9}}],"line":23}},"s":{"0":1,"1":4,"2":4,"3":4,"4":1,"5":3,"6":1,"7":2,"8":2,"9":0,"10":0,"11":0,"12":0,"13":0,"14":1},"f":{"0":4,"1":0},"b":{"0":[1,3],"1":[1,2],"2":[3,1],"3":[0,0]},"_coverageSchema":"1a1c01bbd47fc00a2c39e90264f33305004495a9","hash":"c425c37d0060f640002db390bb79188fbc96e60f"}
,"D:\\gc01-pramesthias\\middlewares\\errorHandler.js": {"path":"D:\\gc01-pramesthias\\middlewares\\errorHandler.js","statementMap":{"0":{"start":{"line":1,"column":0},"end":{"line":34,"column":1}},"1":{"start":{"line":3,"column":0},"end":{"line":3,"column":18}},"2":{"start":{"line":5,"column":4},"end":{"line":32,"column":5}},"3":{"start":{"line":8,"column":12},"end":{"line":8,"column":69}},"4":{"start":{"line":9,"column":12},"end":{"line":9,"column":18}},"5":{"start":{"line":12,"column":12},"end":{"line":12,"column":65}},"6":{"start":{"line":13,"column":12},"end":{"line":13,"column":18}},"7":{"start":{"line":17,"column":12},"end":{"line":17,"column":80}},"8":{"start":{"line":18,"column":12},"end":{"line":18,"column":18}},"9":{"start":{"line":21,"column":12},"end":{"line":21,"column":70}},"10":{"start":{"line":22,"column":12},"end":{"line":22,"column":18}},"11":{"start":{"line":25,"column":12},"end":{"line":25,"column":79}},"12":{"start":{"line":26,"column":12},"end":{"line":26,"column":18}},"13":{"start":{"line":30,"column":12},"end":{"line":30,"column":69}},"14":{"start":{"line":31,"column":12},"end":{"line":31,"column":18}}},"fnMap":{"0":{"name":"errorHandler","decl":{"start":{"line":1,"column":26},"end":{"line":1,"column":38}},"loc":{"start":{"line":1,"column":62},"end":{"line":34,"column":1}},"line":1}},"branchMap":{"0":{"loc":{"start":{"line":5,"column":4},"end":{"line":32,"column":5}},"type":"switch","locations":[{"start":{"line":6,"column":8},"end":{"line":6,"column":40}},{"start":{"line":7,"column":8},"end":{"line":9,"column":18}},{"start":{"line":11,"column":8},"end":{"line":13,"column":18}},{"start":{"line":15,"column":8},"end":{"line":15,"column":33}},{"start":{"line":16,"column":8},"end":{"line":18,"column":18}},{"start":{"line":20,"column":8},"end":{"line":22,"column":18}},{"start":{"line":24,"column":8},"end":{"line":26,"column":18}},{"start":{"line":29,"column":8},"end":{"line":31,"column":18}}],"line":5},"1":{"loc":{"start":{"line":17,"column":43},"end":{"line":17,"column":77}},"type":"binary-expr","locations":[{"start":{"line":17,"column":43},"end":{"line":17,"column":56}},{"start":{"line":17,"column":60},"end":{"line":17,"column":77}}],"line":17},"2":{"loc":{"start":{"line":25,"column":43},"end":{"line":25,"column":76}},"type":"binary-expr","locations":[{"start":{"line":25,"column":43},"end":{"line":25,"column":56}},{"start":{"line":25,"column":60},"end":{"line":25,"column":76}}],"line":25}},"s":{"0":1,"1":5,"2":5,"3":0,"4":0,"5":1,"6":1,"7":2,"8":2,"9":1,"10":1,"11":1,"12":1,"13":0,"14":0},"f":{"0":5},"b":{"0":[0,0,1,1,2,1,1,0],"1":[2,1],"2":[1,1]},"_coverageSchema":"1a1c01bbd47fc00a2c39e90264f33305004495a9","hash":"3c654cc2b0c9a8bd7b0e86a05b472bf0a0a8934b"}
,"D:\\gc01-pramesthias\\models\\category.js": {"path":"D:\\gc01-pramesthias\\models\\category.js","statementMap":{"0":{"start":{"line":4,"column":4},"end":{"line":4,"column":24}},"1":{"start":{"line":5,"column":0},"end":{"line":35,"column":2}},"2":{"start":{"line":14,"column":6},"end":{"line":14,"column":67}},"3":{"start":{"line":17,"column":2},"end":{"line":33,"column":5}},"4":{"start":{"line":34,"column":2},"end":{"line":34,"column":18}}},"fnMap":{"0":{"name":"(anonymous_0)","decl":{"start":{"line":5,"column":17},"end":{"line":5,"column":18}},"loc":{"start":{"line":5,"column":43},"end":{"line":35,"column":1}},"line":5},"1":{"name":"(anonymous_1)","decl":{"start":{"line":12,"column":4},"end":{"line":12,"column":5}},"loc":{"start":{"line":12,"column":29},"end":{"line":15,"column":5}},"line":12}},"branchMap":{},"s":{"0":1,"1":1,"2":1,"3":1,"4":1},"f":{"0":1,"1":1},"b":{},"_coverageSchema":"1a1c01bbd47fc00a2c39e90264f33305004495a9","hash":"524eca1b52b598a62fe851b2dc0b92adae4c9790"}
,"D:\\gc01-pramesthias\\models\\cuisine.js": {"path":"D:\\gc01-pramesthias\\models\\cuisine.js","statementMap":{"0":{"start":{"line":2,"column":18},"end":{"line":2,"column":38}},"1":{"start":{"line":3,"column":0},"end":{"line":99,"column":2}},"2":{"start":{"line":12,"column":6},"end":{"line":12,"column":63}},"3":{"start":{"line":13,"column":6},"end":{"line":13,"column":69}},"4":{"start":{"line":16,"column":2},"end":{"line":97,"column":5}},"5":{"start":{"line":98,"column":2},"end":{"line":98,"column":17}}},"fnMap":{"0":{"name":"(anonymous_0)","decl":{"start":{"line":3,"column":17},"end":{"line":3,"column":18}},"loc":{"start":{"line":3,"column":43},"end":{"line":99,"column":1}},"line":3},"1":{"name":"(anonymous_1)","decl":{"start":{"line":10,"column":4},"end":{"line":10,"column":5}},"loc":{"start":{"line":10,"column":29},"end":{"line":14,"column":5}},"line":10}},"branchMap":{},"s":{"0":1,"1":1,"2":1,"3":1,"4":1,"5":1},"f":{"0":1,"1":1},"b":{},"_coverageSchema":"1a1c01bbd47fc00a2c39e90264f33305004495a9","hash":"6dce1261a12bcd02f8519e8f714c3563e518aed7"}
,"D:\\gc01-pramesthias\\models\\index.js": {"path":"D:\\gc01-pramesthias\\models\\index.js","statementMap":{"0":{"start":{"line":3,"column":11},"end":{"line":3,"column":24}},"1":{"start":{"line":4,"column":13},"end":{"line":4,"column":28}},"2":{"start":{"line":5,"column":18},"end":{"line":5,"column":38}},"3":{"start":{"line":6,"column":16},"end":{"line":6,"column":34}},"4":{"start":{"line":7,"column":17},"end":{"line":7,"column":42}},"5":{"start":{"line":8,"column":12},"end":{"line":8,"column":49}},"6":{"start":{"line":9,"column":15},"end":{"line":9,"column":65}},"7":{"start":{"line":10,"column":11},"end":{"line":10,"column":13}},"8":{"start":{"line":13,"column":0},"end":{"line":17,"column":1}},"9":{"start":{"line":14,"column":2},"end":{"line":14,"column":74}},"10":{"start":{"line":16,"column":2},"end":{"line":16,"column":87}},"11":{"start":{"line":19,"column":0},"end":{"line":32,"column":5}},"12":{"start":{"line":22,"column":4},"end":{"line":27,"column":6}},"13":{"start":{"line":30,"column":18},"end":{"line":30,"column":85}},"14":{"start":{"line":31,"column":4},"end":{"line":31,"column":27}},"15":{"start":{"line":34,"column":0},"end":{"line":38,"column":3}},"16":{"start":{"line":35,"column":2},"end":{"line":37,"column":3}},"17":{"start":{"line":36,"column":4},"end":{"line":36,"column":32}},"18":{"start":{"line":40,"column":0},"end":{"line":40,"column":25}},"19":{"start":{"line":41,"column":0},"end":{"line":41,"column":25}},"20":{"start":{"line":43,"column":0},"end":{"line":43,"column":20}}},"fnMap":{"0":{"name":"(anonymous_0)","decl":{"start":{"line":21,"column":10},"end":{"line":21,"column":11}},"loc":{"start":{"line":21,"column":18},"end":{"line":28,"column":3}},"line":21},"1":{"name":"(anonymous_1)","decl":{"start":{"line":29,"column":11},"end":{"line":29,"column":12}},"loc":{"start":{"line":29,"column":19},"end":{"line":32,"column":3}},"line":29},"2":{"name":"(anonymous_2)","decl":{"start":{"line":34,"column":24},"end":{"line":34,"column":25}},"loc":{"start":{"line":34,"column":37},"end":{"line":38,"column":1}},"line":34}},"branchMap":{"0":{"loc":{"start":{"line":8,"column":12},"end":{"line":8,"column":49}},"type":"binary-expr","locations":[{"start":{"line":8,"column":12},"end":{"line":8,"column":32}},{"start":{"line":8,"column":36},"end":{"line":8,"column":49}}],"line":8},"1":{"loc":{"start":{"line":13,"column":0},"end":{"line":17,"column":1}},"type":"if","locations":[{"start":{"line":13,"column":0},"end":{"line":17,"column":1}},{"start":{"line":15,"column":7},"end":{"line":17,"column":1}}],"line":13},"2":{"loc":{"start":{"line":23,"column":6},"end":{"line":26,"column":37}},"type":"binary-expr","locations":[{"start":{"line":23,"column":6},"end":{"line":23,"column":29}},{"start":{"line":24,"column":6},"end":{"line":24,"column":23}},{"start":{"line":25,"column":6},"end":{"line":25,"column":30}},{"start":{"line":26,"column":6},"end":{"line":26,"column":37}}],"line":23},"3":{"loc":{"start":{"line":35,"column":2},"end":{"line":37,"column":3}},"type":"if","locations":[{"start":{"line":35,"column":2},"end":{"line":37,"column":3}},{"start":{},"end":{}}],"line":35}},"s":{"0":1,"1":1,"2":1,"3":1,"4":1,"5":1,"6":1,"7":1,"8":1,"9":0,"10":1,"11":1,"12":4,"13":3,"14":3,"15":1,"16":3,"17":3,"18":1,"19":1,"20":1},"f":{"0":4,"1":3,"2":3},"b":{"0":[1,0],"1":[0,1],"2":[4,4,3,3],"3":[3,0]},"_coverageSchema":"1a1c01bbd47fc00a2c39e90264f33305004495a9","hash":"0e643f19a4b0549e3beff99229ae9635f8a13201"}
,"D:\\gc01-pramesthias\\models\\user.js": {"path":"D:\\gc01-pramesthias\\models\\user.js","statementMap":{"0":{"start":{"line":2,"column":16},"end":{"line":2,"column":36}},"1":{"start":{"line":3,"column":25},"end":{"line":3,"column":55}},"2":{"start":{"line":5,"column":0},"end":{"line":73,"column":2}},"3":{"start":{"line":14,"column":6},"end":{"line":14,"column":61}},"4":{"start":{"line":17,"column":2},"end":{"line":66,"column":5}},"5":{"start":{"line":68,"column":2},"end":{"line":70,"column":4}},"6":{"start":{"line":69,"column":4},"end":{"line":69,"column":48}},"7":{"start":{"line":72,"column":2},"end":{"line":72,"column":14}}},"fnMap":{"0":{"name":"(anonymous_0)","decl":{"start":{"line":5,"column":17},"end":{"line":5,"column":18}},"loc":{"start":{"line":5,"column":43},"end":{"line":73,"column":1}},"line":5},"1":{"name":"(anonymous_1)","decl":{"start":{"line":12,"column":4},"end":{"line":12,"column":5}},"loc":{"start":{"line":12,"column":29},"end":{"line":15,"column":5}},"line":12},"2":{"name":"(anonymous_2)","decl":{"start":{"line":68,"column":20},"end":{"line":68,"column":21}},"loc":{"start":{"line":68,"column":30},"end":{"line":70,"column":3}},"line":68}},"branchMap":{},"s":{"0":1,"1":1,"2":1,"3":1,"4":1,"5":1,"6":2,"7":1},"f":{"0":1,"1":1,"2":2},"b":{},"_coverageSchema":"1a1c01bbd47fc00a2c39e90264f33305004495a9","hash":"9db3bd164b13274113dd64a3671d7598b6b9b973"}
,"D:\\gc01-pramesthias\\routes\\index.js": {"path":"D:\\gc01-pramesthias\\routes\\index.js","statementMap":{"0":{"start":{"line":1,"column":27},"end":{"line":1,"column":71}},"1":{"start":{"line":2,"column":26},"end":{"line":2,"column":69}},"2":{"start":{"line":3,"column":23},"end":{"line":3,"column":63}},"3":{"start":{"line":4,"column":23},"end":{"line":4,"column":63}},"4":{"start":{"line":5,"column":46},"end":{"line":5,"column":85}},"5":{"start":{"line":6,"column":21},"end":{"line":6,"column":59}},"6":{"start":{"line":8,"column":16},"end":{"line":8,"column":33}},"7":{"start":{"line":9,"column":16},"end":{"line":9,"column":38}},"8":{"start":{"line":10,"column":15},"end":{"line":10,"column":34}},"9":{"start":{"line":12,"column":15},"end":{"line":12,"column":42}},"10":{"start":{"line":15,"column":0},"end":{"line":15,"column":62}},"11":{"start":{"line":17,"column":0},"end":{"line":17,"column":62}},"12":{"start":{"line":22,"column":0},"end":{"line":22,"column":44}},"13":{"start":{"line":24,"column":0},"end":{"line":24,"column":27}},"14":{"start":{"line":26,"column":0},"end":{"line":26,"column":70}},"15":{"start":{"line":31,"column":0},"end":{"line":31,"column":60}},"16":{"start":{"line":33,"column":0},"end":{"line":33,"column":62}},"17":{"start":{"line":35,"column":0},"end":{"line":35,"column":78}},"18":{"start":{"line":40,"column":0},"end":{"line":40,"column":55}},"19":{"start":{"line":42,"column":0},"end":{"line":42,"column":58}},"20":{"start":{"line":44,"column":0},"end":{"line":44,"column":58}},"21":{"start":{"line":46,"column":0},"end":{"line":46,"column":81}},"22":{"start":{"line":48,"column":0},"end":{"line":48,"column":86}},"23":{"start":{"line":53,"column":0},"end":{"line":53,"column":119}},"24":{"start":{"line":58,"column":0},"end":{"line":58,"column":25}},"25":{"start":{"line":62,"column":0},"end":{"line":62,"column":24}}},"fnMap":{},"branchMap":{},"s":{"0":1,"1":1,"2":1,"3":1,"4":1,"5":1,"6":1,"7":1,"8":1,"9":1,"10":1,"11":1,"12":1,"13":1,"14":1,"15":1,"16":1,"17":1,"18":1,"19":1,"20":1,"21":1,"22":1,"23":1,"24":1,"25":1},"f":{},"b":{},"_coverageSchema":"1a1c01bbd47fc00a2c39e90264f33305004495a9","hash":"4085e95f78d7785db771c7a6b68925028e6848a9"}
}
