TN:
SF:app.js
FNF:0
FNH:0
DA:2,11
DA:3,11
DA:6,11
DA:7,11
DA:10,11
DA:12,11
DA:16,11
DA:19,11
LF:8
LH:8
BRDA:2,0,0,11
BRDA:2,0,1,0
BRF:2
BRH:1
end_of_record
TN:
SF:controllers\CategoryController.js
FN:5,(anonymous_0)
FN:14,(anonymous_1)
FN:24,(anonymous_2)
FNF:3
FNH:1
FNDA:1,(anonymous_0)
FNDA:0,(anonymous_1)
FNDA:0,(anonymous_2)
DA:1,11
DA:3,11
DA:6,1
DA:7,1
DA:8,1
DA:10,0
DA:15,0
DA:16,0
DA:17,0
DA:19,0
DA:25,0
DA:26,0
DA:28,0
DA:29,0
DA:31,0
LF:15
LH:5
BRF:0
BRH:0
end_of_record
TN:
SF:controllers\CuisineController.js
FN:16,(anonymous_0)
FN:78,(anonymous_1)
FN:94,(anonymous_2)
FN:110,(anonymous_3)
FN:120,(anonymous_4)
FN:131,(anonymous_5)
FN:143,(anonymous_6)
FNF:7
FNH:7
FNDA:1,(anonymous_0)
FNDA:1,(anonymous_1)
FNDA:4,(anonymous_2)
FNDA:2,(anonymous_3)
FNDA:2,(anonymous_4)
FNDA:1,(anonymous_5)
FNDA:2,(anonymous_6)
DA:1,11
DA:2,11
DA:4,11
DA:6,11
DA:8,11
DA:14,11
DA:18,1
DA:20,1
DA:21,1
DA:23,1
DA:37,1
DA:38,1
DA:39,1
DA:44,1
DA:45,0
DA:53,1
DA:54,0
DA:55,0
DA:57,0
DA:62,1
DA:63,0
DA:69,1
DA:70,1
DA:71,1
DA:73,0
DA:79,1
DA:80,1
DA:87,1
DA:89,0
DA:95,4
DA:96,4
DA:98,4
DA:99,2
DA:100,2
DA:103,2
DA:105,0
DA:111,2
DA:112,2
DA:113,1
DA:115,1
DA:121,2
DA:122,2
DA:123,2
DA:124,2
DA:125,1
DA:127,1
DA:132,1
DA:133,1
DA:134,1
DA:135,1
DA:138,0
DA:144,2
DA:146,2
DA:148,2
DA:149,0
DA:150,0
DA:154,2
DA:155,1
DA:156,1
DA:159,1
DA:161,1
DA:162,1
DA:167,1
DA:169,1
DA:170,1
DA:171,1
DA:173,0
LF:67
LH:55
BRDA:37,0,0,1
BRDA:37,0,1,0
BRDA:44,1,0,0
BRDA:44,1,1,1
BRDA:44,2,0,1
BRDA:44,2,1,1
BRDA:53,3,0,0
BRDA:53,3,1,1
BRDA:53,4,0,1
BRDA:53,4,1,1
BRDA:54,5,0,0
BRDA:54,5,1,0
BRDA:62,6,0,0
BRDA:62,6,1,1
BRDA:62,7,0,1
BRDA:62,7,1,1
BRDA:98,8,0,2
BRDA:98,8,1,2
BRDA:148,9,0,0
BRDA:148,9,1,2
BRDA:154,10,0,1
BRDA:154,10,1,1
BRF:22
BRH:15
end_of_record
TN:
SF:controllers\UserController.js
FN:7,(anonymous_0)
FN:23,(anonymous_1)
FNF:2
FNH:2
FNDA:7,(anonymous_0)
FNDA:5,(anonymous_1)
DA:1,11
DA:2,11
DA:3,11
DA:5,11
DA:8,7
DA:9,7
DA:10,7
DA:12,1
DA:18,6
DA:24,5
DA:25,5
DA:27,5
DA:28,1
DA:29,1
DA:32,4
DA:33,1
DA:34,1
DA:38,3
DA:39,3
DA:40,1
DA:41,1
DA:45,2
DA:46,2
DA:47,1
DA:48,1
DA:52,1
DA:53,1
DA:56,0
LF:28
LH:27
BRDA:27,0,0,1
BRDA:27,0,1,4
BRDA:32,1,0,1
BRDA:32,1,1,3
BRDA:39,2,0,1
BRDA:39,2,1,2
BRDA:46,3,0,1
BRDA:46,3,1,1
BRF:8
BRH:8
end_of_record
TN:
SF:helpers\bcryptjs.js
FN:4,(anonymous_0)
FN:10,(anonymous_1)
FNF:2
FNH:2
FNDA:20,(anonymous_0)
FNDA:2,(anonymous_1)
DA:1,11
DA:4,11
DA:5,20
DA:6,20
DA:10,11
DA:11,2
DA:15,11
LF:7
LH:7
BRF:0
BRH:0
end_of_record
TN:
SF:helpers\jwt.js
FN:5,(anonymous_0)
FN:9,(anonymous_1)
FNF:2
FNH:2
FNDA:13,(anonymous_0)
FNDA:32,(anonymous_1)
DA:1,11
DA:3,11
DA:5,11
DA:6,13
DA:9,11
DA:10,32
DA:14,11
LF:7
LH:7
BRF:0
BRH:0
end_of_record
TN:
SF:middlewares\authentication.js
FN:5,authentication
FNF:1
FNH:1
FNDA:40,authentication
DA:1,11
DA:2,11
DA:6,40
DA:7,40
DA:9,40
DA:11,32
DA:13,23
DA:15,23
DA:17,23
DA:23,23
DA:26,17
DA:30,11
LF:12
LH:12
BRDA:9,0,0,8
BRDA:9,0,1,32
BRDA:15,1,0,0
BRDA:15,1,1,23
BRF:4
BRH:3
end_of_record
TN:
SF:middlewares\authorization.js
FN:3,cuisineAuthorization
FN:21,adminOnlyAuth
FNF:2
FNH:2
FNDA:10,cuisineAuthorization
FNDA:7,adminOnlyAuth
DA:1,11
DA:4,10
DA:5,10
DA:7,10
DA:10,8
DA:11,3
DA:14,5
DA:17,5
DA:22,7
DA:23,7
DA:24,7
DA:26,0
DA:29,0
DA:33,11
LF:14
LH:12
BRDA:7,0,0,2
BRDA:7,0,1,8
BRDA:10,1,0,3
BRDA:10,1,1,5
BRDA:10,2,0,8
BRDA:10,2,1,3
BRDA:23,3,0,7
BRDA:23,3,1,0
BRF:8
BRH:7
end_of_record
TN:
SF:middlewares\errorHandler.js
FN:1,errorHandler
FNF:1
FNH:1
FNDA:35,errorHandler
DA:1,11
DA:3,35
DA:5,35
DA:8,8
DA:9,8
DA:12,1
DA:13,1
DA:17,19
DA:18,19
DA:21,3
DA:22,3
DA:25,4
DA:26,4
DA:30,0
DA:31,0
LF:15
LH:13
BRDA:5,0,0,7
BRDA:5,0,1,8
BRDA:5,0,2,1
BRDA:5,0,3,9
BRDA:5,0,4,19
BRDA:5,0,5,3
BRDA:5,0,6,4
BRDA:5,0,7,0
BRDA:17,1,0,19
BRDA:17,1,1,8
BRDA:25,2,0,4
BRDA:25,2,1,2
BRF:12
BRH:11
end_of_record
TN:
SF:models\category.js
FN:5,(anonymous_0)
FN:12,(anonymous_1)
FNF:2
FNH:2
FNDA:11,(anonymous_0)
FNDA:11,(anonymous_1)
DA:4,11
DA:5,11
DA:14,11
DA:17,11
DA:34,11
LF:5
LH:5
BRF:0
BRH:0
end_of_record
TN:
SF:models\cuisine.js
FN:3,(anonymous_0)
FN:10,(anonymous_1)
FNF:2
FNH:2
FNDA:11,(anonymous_0)
FNDA:11,(anonymous_1)
DA:2,11
DA:3,11
DA:12,11
DA:13,11
DA:16,11
DA:98,11
LF:6
LH:6
BRF:0
BRH:0
end_of_record
TN:
SF:models\index.js
FN:21,(anonymous_0)
FN:29,(anonymous_1)
FN:34,(anonymous_2)
FNF:3
FNH:3
FNDA:44,(anonymous_0)
FNDA:33,(anonymous_1)
FNDA:33,(anonymous_2)
DA:3,11
DA:4,11
DA:5,11
DA:6,11
DA:7,11
DA:8,11
DA:9,11
DA:10,11
DA:13,11
DA:14,0
DA:16,11
DA:19,11
DA:22,44
DA:30,33
DA:31,33
DA:34,11
DA:35,33
DA:36,33
DA:40,11
DA:41,11
DA:43,11
LF:21
LH:20
BRDA:8,0,0,11
BRDA:8,0,1,0
BRDA:13,1,0,0
BRDA:13,1,1,11
BRDA:23,2,0,44
BRDA:23,2,1,44
BRDA:23,2,2,33
BRDA:23,2,3,33
BRDA:35,3,0,33
BRDA:35,3,1,0
BRF:10
BRH:7
end_of_record
TN:
SF:models\user.js
FN:5,(anonymous_0)
FN:12,(anonymous_1)
FN:68,(anonymous_2)
FNF:3
FNH:3
FNDA:11,(anonymous_0)
FNDA:11,(anonymous_1)
FNDA:20,(anonymous_2)
DA:2,11
DA:3,11
DA:5,11
DA:14,11
DA:17,11
DA:68,11
DA:69,20
DA:72,11
LF:8
LH:8
BRF:0
BRH:0
end_of_record
TN:
SF:routes\index.js
FNF:0
FNH:0
DA:1,11
DA:2,11
DA:3,11
DA:4,11
DA:5,11
DA:6,11
DA:8,11
DA:9,11
DA:10,11
DA:12,11
DA:15,11
DA:17,11
DA:22,11
DA:24,11
DA:26,11
DA:31,11
DA:33,11
DA:35,11
DA:40,11
DA:42,11
DA:44,11
DA:46,11
DA:48,11
DA:53,11
DA:58,11
DA:62,11
LF:26
LH:26
BRF:0
BRH:0
end_of_record
