TN:
SF:app.js
FNF:0
FNH:0
DA:2,1
DA:3,1
DA:6,1
DA:7,1
DA:10,1
DA:12,1
DA:16,1
DA:19,1
LF:8
LH:8
BRDA:2,0,0,1
BRDA:2,0,1,0
BRF:2
BRH:1
end_of_record
TN:
SF:controllers\CategoryController.js
FN:5,(anonymous_0)
FN:14,(anonymous_1)
FN:24,(anonymous_2)
FNF:3
FNH:0
FNDA:0,(anonymous_0)
FNDA:0,(anonymous_1)
FNDA:0,(anonymous_2)
DA:1,1
DA:3,1
DA:6,0
DA:7,0
DA:8,0
DA:10,0
DA:15,0
DA:16,0
DA:17,0
DA:19,0
DA:25,0
DA:26,0
DA:28,0
DA:29,0
DA:31,0
LF:15
LH:2
BRF:0
BRH:0
end_of_record
TN:
SF:controllers\CuisineController.js
FN:16,(anonymous_0)
FN:49,(anonymous_1)
FN:108,(anonymous_2)
FN:124,(anonymous_3)
FN:140,(anonymous_4)
FN:151,(anonymous_5)
FN:162,(anonymous_6)
FN:174,(anonymous_7)
FNF:8
FNH:1
FNDA:0,(anonymous_0)
FNDA:0,(anonymous_1)
FNDA:0,(anonymous_2)
FNDA:0,(anonymous_3)
FNDA:0,(anonymous_4)
FNDA:0,(anonymous_5)
FNDA:0,(anonymous_6)
FNDA:2,(anonymous_7)
DA:1,1
DA:2,1
DA:4,1
DA:6,1
DA:8,1
DA:14,1
DA:18,0
DA:20,0
DA:31,0
DA:32,0
DA:40,0
DA:41,0
DA:42,0
DA:44,0
DA:48,0
DA:49,0
DA:53,0
DA:60,0
DA:61,0
DA:62,0
DA:63,0
DA:66,0
DA:67,0
DA:68,0
DA:71,0
DA:72,0
DA:73,0
DA:74,0
DA:79,0
DA:80,0
DA:81,0
DA:84,0
DA:109,0
DA:110,0
DA:117,0
DA:119,0
DA:125,0
DA:126,0
DA:128,0
DA:129,0
DA:130,0
DA:133,0
DA:135,0
DA:141,0
DA:142,0
DA:143,0
DA:144,0
DA:146,0
DA:152,0
DA:153,0
DA:154,0
DA:155,0
DA:156,0
DA:158,0
DA:163,0
DA:164,0
DA:165,0
DA:166,0
DA:169,0
DA:175,2
DA:177,2
DA:179,2
DA:180,0
DA:181,0
DA:185,2
DA:186,1
DA:187,1
DA:190,1
DA:192,1
DA:193,1
DA:198,1
DA:200,1
DA:201,1
DA:202,1
DA:204,0
LF:75
LH:19
BRDA:31,0,0,0
BRDA:31,0,1,0
BRDA:31,1,0,0
BRDA:31,1,1,0
BRDA:40,2,0,0
BRDA:40,2,1,0
BRDA:40,3,0,0
BRDA:40,3,1,0
BRDA:41,4,0,0
BRDA:41,4,1,0
BRDA:48,5,0,0
BRDA:48,5,1,0
BRDA:48,6,0,0
BRDA:48,6,1,0
BRDA:60,7,0,0
BRDA:60,7,1,0
BRDA:60,8,0,0
BRDA:60,8,1,0
BRDA:61,9,0,0
BRDA:61,9,1,0
BRDA:61,10,0,0
BRDA:61,10,1,0
BRDA:66,11,0,0
BRDA:66,11,1,0
BRDA:66,12,0,0
BRDA:66,12,1,0
BRDA:128,13,0,0
BRDA:128,13,1,0
BRDA:179,14,0,0
BRDA:179,14,1,2
BRDA:185,15,0,1
BRDA:185,15,1,1
BRF:32
BRH:3
end_of_record
TN:
SF:controllers\UserController.js
FN:7,(anonymous_0)
FN:23,(anonymous_1)
FNF:2
FNH:0
FNDA:0,(anonymous_0)
FNDA:0,(anonymous_1)
DA:1,1
DA:2,1
DA:3,1
DA:5,1
DA:8,0
DA:9,0
DA:10,0
DA:12,0
DA:18,0
DA:24,0
DA:25,0
DA:27,0
DA:28,0
DA:29,0
DA:32,0
DA:33,0
DA:34,0
DA:38,0
DA:39,0
DA:40,0
DA:41,0
DA:45,0
DA:46,0
DA:47,0
DA:48,0
DA:52,0
DA:53,0
DA:56,0
LF:28
LH:4
BRDA:27,0,0,0
BRDA:27,0,1,0
BRDA:32,1,0,0
BRDA:32,1,1,0
BRDA:39,2,0,0
BRDA:39,2,1,0
BRDA:46,3,0,0
BRDA:46,3,1,0
BRF:8
BRH:0
end_of_record
TN:
SF:helpers\bcryptjs.js
FN:4,(anonymous_0)
FN:10,(anonymous_1)
FNF:2
FNH:1
FNDA:2,(anonymous_0)
FNDA:0,(anonymous_1)
DA:1,1
DA:4,1
DA:5,2
DA:6,2
DA:10,1
DA:11,0
DA:15,1
LF:7
LH:6
BRF:0
BRH:0
end_of_record
TN:
SF:helpers\jwt.js
FN:5,(anonymous_0)
FN:9,(anonymous_1)
FNF:2
FNH:2
FNDA:2,(anonymous_0)
FNDA:5,(anonymous_1)
DA:1,1
DA:3,1
DA:5,1
DA:6,2
DA:9,1
DA:10,5
DA:14,1
LF:7
LH:7
BRF:0
BRH:0
end_of_record
TN:
SF:middlewares\authentication.js
FN:5,authentication
FNF:1
FNH:1
FNDA:6,authentication
DA:1,1
DA:2,1
DA:6,6
DA:7,6
DA:9,6
DA:11,5
DA:13,4
DA:15,4
DA:17,4
DA:23,4
DA:26,2
DA:30,1
LF:12
LH:12
BRDA:9,0,0,1
BRDA:9,0,1,5
BRDA:15,1,0,0
BRDA:15,1,1,4
BRF:4
BRH:3
end_of_record
TN:
SF:middlewares\authorization.js
FN:3,cuisineAuthorization
FN:21,adminOnlyAuth
FNF:2
FNH:1
FNDA:4,cuisineAuthorization
FNDA:0,adminOnlyAuth
DA:1,1
DA:4,4
DA:5,4
DA:7,4
DA:10,3
DA:11,1
DA:14,2
DA:17,2
DA:22,0
DA:23,0
DA:24,0
DA:26,0
DA:29,0
DA:33,1
LF:14
LH:9
BRDA:7,0,0,1
BRDA:7,0,1,3
BRDA:10,1,0,1
BRDA:10,1,1,2
BRDA:10,2,0,3
BRDA:10,2,1,1
BRDA:23,3,0,0
BRDA:23,3,1,0
BRF:8
BRH:6
end_of_record
TN:
SF:middlewares\errorHandler.js
FN:1,errorHandler
FNF:1
FNH:1
FNDA:5,errorHandler
DA:1,1
DA:3,5
DA:5,5
DA:8,0
DA:9,0
DA:12,1
DA:13,1
DA:17,2
DA:18,2
DA:21,1
DA:22,1
DA:25,1
DA:26,1
DA:30,0
DA:31,0
LF:15
LH:11
BRDA:5,0,0,0
BRDA:5,0,1,0
BRDA:5,0,2,1
BRDA:5,0,3,1
BRDA:5,0,4,2
BRDA:5,0,5,1
BRDA:5,0,6,1
BRDA:5,0,7,0
BRDA:17,1,0,2
BRDA:17,1,1,1
BRDA:25,2,0,1
BRDA:25,2,1,1
BRF:12
BRH:9
end_of_record
TN:
SF:models\category.js
FN:5,(anonymous_0)
FN:12,(anonymous_1)
FNF:2
FNH:2
FNDA:1,(anonymous_0)
FNDA:1,(anonymous_1)
DA:4,1
DA:5,1
DA:14,1
DA:17,1
DA:34,1
LF:5
LH:5
BRF:0
BRH:0
end_of_record
TN:
SF:models\cuisine.js
FN:3,(anonymous_0)
FN:10,(anonymous_1)
FNF:2
FNH:2
FNDA:1,(anonymous_0)
FNDA:1,(anonymous_1)
DA:2,1
DA:3,1
DA:12,1
DA:13,1
DA:16,1
DA:98,1
LF:6
LH:6
BRF:0
BRH:0
end_of_record
TN:
SF:models\index.js
FN:21,(anonymous_0)
FN:29,(anonymous_1)
FN:34,(anonymous_2)
FNF:3
FNH:3
FNDA:4,(anonymous_0)
FNDA:3,(anonymous_1)
FNDA:3,(anonymous_2)
DA:3,1
DA:4,1
DA:5,1
DA:6,1
DA:7,1
DA:8,1
DA:9,1
DA:10,1
DA:13,1
DA:14,0
DA:16,1
DA:19,1
DA:22,4
DA:30,3
DA:31,3
DA:34,1
DA:35,3
DA:36,3
DA:40,1
DA:41,1
DA:43,1
LF:21
LH:20
BRDA:8,0,0,1
BRDA:8,0,1,0
BRDA:13,1,0,0
BRDA:13,1,1,1
BRDA:23,2,0,4
BRDA:23,2,1,4
BRDA:23,2,2,3
BRDA:23,2,3,3
BRDA:35,3,0,3
BRDA:35,3,1,0
BRF:10
BRH:7
end_of_record
TN:
SF:models\user.js
FN:5,(anonymous_0)
FN:12,(anonymous_1)
FN:68,(anonymous_2)
FNF:3
FNH:3
FNDA:1,(anonymous_0)
FNDA:1,(anonymous_1)
FNDA:2,(anonymous_2)
DA:2,1
DA:3,1
DA:5,1
DA:14,1
DA:17,1
DA:68,1
DA:69,2
DA:72,1
LF:8
LH:8
BRF:0
BRH:0
end_of_record
TN:
SF:routes\index.js
FNF:0
FNH:0
DA:1,1
DA:2,1
DA:3,1
DA:4,1
DA:5,1
DA:6,1
DA:8,1
DA:9,1
DA:10,1
DA:12,1
DA:15,1
DA:17,1
DA:22,1
DA:24,1
DA:26,1
DA:31,1
DA:33,1
DA:35,1
DA:40,1
DA:42,1
DA:44,1
DA:46,1
DA:48,1
DA:53,1
DA:58,1
DA:62,1
LF:26
LH:26
BRF:0
BRH:0
end_of_record
